# JRE version: Java(TM) SE Runtime Environment (9.0+11) (build 9.0.4+11)
# Java VM: Java HotSpot(TM) 64-Bit Server VM (9.0.4+11, mixed mode, tiered, compressed oops, g1 gc, bsd-amd64)
Heap:
 garbage-first heap   total 131072K, used 32855K [0x0000000740000000, 0x0000000740100400, 0x00000007c0000000)
  region size 1024K, 16 young (16384K), 1 survivors (1024K)
 Metaspace       used 15717K, capacity 16610K, committed 16768K, reserved 1064960K
  class space    used 1609K, capacity 1807K, committed 1920K, reserved 1048576K
GC Heap History (10 events):
Event: 10096.328 GC heap before
{Heap before GC invocations=254 (full 0):
 garbage-first heap   total 131072K, used 95323K [0x0000000740000000, 0x0000000740100400, 0x00000007c0000000)
  region size 1024K, 76 young (77824K), 1 survivors (1024K)
 Metaspace       used 15716K, capacity 16610K, committed 16768K, reserved 1064960K
  class space    used 1609K, capacity 1807K, committed 1920K, reserved 1048576K
}
Event: 10096.329 GC heap after
{Heap after GC invocations=255 (full 0):
 garbage-first heap   total 131072K, used 15453K [0x0000000740000000, 0x0000000740100400, 0x00000007c0000000)
  region size 1024K, 1 young (1024K), 1 survivors (1024K)
 Metaspace       used 15716K, capacity 16610K, committed 16768K, reserved 1064960K
  class space    used 1609K, capacity 1807K, committed 1920K, reserved 1048576K
}
Event: 10135.105 GC heap before
{Heap before GC invocations=255 (full 0):
 garbage-first heap   total 131072K, used 95325K [0x0000000740000000, 0x0000000740100400, 0x00000007c0000000)
  region size 1024K, 76 young (77824K), 1 survivors (1024K)
 Metaspace       used 15716K, capacity 16610K, committed 16768K, reserved 1064960K
  class space    used 1609K, capacity 1807K, committed 1920K, reserved 1048576K
}
Event: 10135.105 GC heap after
{Heap after GC invocations=256 (full 0):
 garbage-first heap   total 131072K, used 15451K [0x0000000740000000, 0x0000000740100400, 0x00000007c0000000)
  region size 1024K, 1 young (1024K), 1 survivors (1024K)
 Metaspace       used 15716K, capacity 16610K, committed 16768K, reserved 1064960K
  class space    used 1609K, capacity 1807K, committed 1920K, reserved 1048576K
}
Event: 10173.883 GC heap before
{Heap before GC invocations=256 (full 0):
 garbage-first heap   total 131072K, used 95323K [0x0000000740000000, 0x0000000740100400, 0x00000007c0000000)
  region size 1024K, 76 young (77824K), 1 survivors (1024K)
 Metaspace       used 15716K, capacity 16610K, committed 16768K, reserved 1064960K
  class space    used 1609K, capacity 1807K, committed 1920K, reserved 1048576K
}
Event: 10173.884 GC heap after
{Heap after GC invocations=257 (full 0):
 garbage-first heap   total 131072K, used 15449K [0x0000000740000000, 0x0000000740100400, 0x00000007c0000000)
  region size 1024K, 1 young (1024K), 1 survivors (1024K)
 Metaspace       used 15716K, capacity 16610K, committed 16768K, reserved 1064960K
  class space    used 1609K, capacity 1807K, committed 1920K, reserved 1048576K
}
Event: 10212.868 GC heap before
{Heap before GC invocations=257 (full 0):
 garbage-first heap   total 131072K, used 95321K [0x0000000740000000, 0x0000000740100400, 0x00000007c0000000)
  region size 1024K, 76 young (77824K), 1 survivors (1024K)
 Metaspace       used 15717K, capacity 16610K, committed 16768K, reserved 1064960K
  class space    used 1609K, capacity 1807K, committed 1920K, reserved 1048576K
}
Event: 10212.869 GC heap after
{Heap after GC invocations=258 (full 0):
 garbage-first heap   total 131072K, used 15451K [0x0000000740000000, 0x0000000740100400, 0x00000007c0000000)
  region size 1024K, 1 young (1024K), 1 survivors (1024K)
 Metaspace       used 15717K, capacity 16610K, committed 16768K, reserved 1064960K
  class space    used 1609K, capacity 1807K, committed 1920K, reserved 1048576K
}
Event: 10251.690 GC heap before
{Heap before GC invocations=258 (full 0):
 garbage-first heap   total 131072K, used 95323K [0x0000000740000000, 0x0000000740100400, 0x00000007c0000000)
  region size 1024K, 76 young (77824K), 1 survivors (1024K)
 Metaspace       used 15717K, capacity 16610K, committed 16768K, reserved 1064960K
  class space    used 1609K, capacity 1807K, committed 1920K, reserved 1048576K
}
Event: 10251.703 GC heap after
{Heap after GC invocations=259 (full 0):
 garbage-first heap   total 131072K, used 15447K [0x0000000740000000, 0x0000000740100400, 0x00000007c0000000)
  region size 1024K, 1 young (1024K), 1 survivors (1024K)
 Metaspace       used 15717K, capacity 16610K, committed 16768K, reserved 1064960K
  class space    used 1609K, capacity 1807K, committed 1920K, reserved 1048576K
}

