# JRE version: Java(TM) SE Runtime Environment (9.0+11) (build 9.0.4+11)
# Java VM: Java HotSpot(TM) 64-Bit Server VM (9.0.4+11, mixed mode, tiered, compressed oops, g1 gc, bsd-amd64)
Heap:
 garbage-first heap   total 131072K, used 25639K [0x0000000740000000, 0x0000000740100400, 0x00000007c0000000)
  region size 1024K, 9 young (9216K), 1 survivors (1024K)
 Metaspace       used 15882K, capacity 16868K, committed 17024K, reserved 1064960K
  class space    used 1610K, capacity 1808K, committed 1920K, reserved 1048576K
GC Heap History (10 events):
Event: 10221.700 GC heap before
{Heap before GC invocations=257 (full 0):
 garbage-first heap   total 131072K, used 95265K [0x0000000740000000, 0x0000000740100400, 0x00000007c0000000)
  region size 1024K, 76 young (77824K), 1 survivors (1024K)
 Metaspace       used 15869K, capacity 16804K, committed 17024K, reserved 1064960K
  class space    used 1610K, capacity 1808K, committed 1920K, reserved 1048576K
}
Event: 10221.701 GC heap after
{Heap after GC invocations=258 (full 0):
 garbage-first heap   total 131072K, used 15395K [0x0000000740000000, 0x0000000740100400, 0x00000007c0000000)
  region size 1024K, 1 young (1024K), 1 survivors (1024K)
 Metaspace       used 15869K, capacity 16804K, committed 17024K, reserved 1064960K
  class space    used 1610K, capacity 1808K, committed 1920K, reserved 1048576K
}
Event: 10260.306 GC heap before
{Heap before GC invocations=258 (full 0):
 garbage-first heap   total 131072K, used 95267K [0x0000000740000000, 0x0000000740100400, 0x00000007c0000000)
  region size 1024K, 76 young (77824K), 1 survivors (1024K)
 Metaspace       used 15869K, capacity 16804K, committed 17024K, reserved 1064960K
  class space    used 1610K, capacity 1808K, committed 1920K, reserved 1048576K
}
Event: 10260.307 GC heap after
{Heap after GC invocations=259 (full 0):
 garbage-first heap   total 131072K, used 15397K [0x0000000740000000, 0x0000000740100400, 0x00000007c0000000)
  region size 1024K, 1 young (1024K), 1 survivors (1024K)
 Metaspace       used 15869K, capacity 16804K, committed 17024K, reserved 1064960K
  class space    used 1610K, capacity 1808K, committed 1920K, reserved 1048576K
}
Event: 10299.079 GC heap before
{Heap before GC invocations=259 (full 0):
 garbage-first heap   total 131072K, used 95269K [0x0000000740000000, 0x0000000740100400, 0x00000007c0000000)
  region size 1024K, 76 young (77824K), 1 survivors (1024K)
 Metaspace       used 15872K, capacity 16804K, committed 17024K, reserved 1064960K
  class space    used 1610K, capacity 1808K, committed 1920K, reserved 1048576K
}
Event: 10299.081 GC heap after
{Heap after GC invocations=260 (full 0):
 garbage-first heap   total 131072K, used 15397K [0x0000000740000000, 0x0000000740100400, 0x00000007c0000000)
  region size 1024K, 1 young (1024K), 1 survivors (1024K)
 Metaspace       used 15872K, capacity 16804K, committed 17024K, reserved 1064960K
  class space    used 1610K, capacity 1808K, committed 1920K, reserved 1048576K
}
Event: 10338.044 GC heap before
{Heap before GC invocations=260 (full 0):
 garbage-first heap   total 131072K, used 95269K [0x0000000740000000, 0x0000000740100400, 0x00000007c0000000)
  region size 1024K, 76 young (77824K), 1 survivors (1024K)
 Metaspace       used 15872K, capacity 16804K, committed 17024K, reserved 1064960K
  class space    used 1610K, capacity 1808K, committed 1920K, reserved 1048576K
}
Event: 10338.046 GC heap after
{Heap after GC invocations=261 (full 0):
 garbage-first heap   total 131072K, used 15399K [0x0000000740000000, 0x0000000740100400, 0x00000007c0000000)
  region size 1024K, 1 young (1024K), 1 survivors (1024K)
 Metaspace       used 15872K, capacity 16804K, committed 17024K, reserved 1064960K
  class space    used 1610K, capacity 1808K, committed 1920K, reserved 1048576K
}
Event: 10376.826 GC heap before
{Heap before GC invocations=261 (full 0):
 garbage-first heap   total 131072K, used 95271K [0x0000000740000000, 0x0000000740100400, 0x00000007c0000000)
  region size 1024K, 76 young (77824K), 1 survivors (1024K)
 Metaspace       used 15877K, capacity 16868K, committed 17024K, reserved 1064960K
  class space    used 1610K, capacity 1808K, committed 1920K, reserved 1048576K
}
Event: 10376.826 GC heap after
{Heap after GC invocations=262 (full 0):
 garbage-first heap   total 131072K, used 15399K [0x0000000740000000, 0x0000000740100400, 0x00000007c0000000)
  region size 1024K, 1 young (1024K), 1 survivors (1024K)
 Metaspace       used 15877K, capacity 16868K, committed 17024K, reserved 1064960K
  class space    used 1610K, capacity 1808K, committed 1920K, reserved 1048576K
}

